0 info it worked if it ends with ok
1 verbose cli [ 'C:\\Program Files\\nodejs\\\\node.exe',
1 verbose cli   'C:\\Program Files\\nodejs\\node_modules\\npm\\bin\\npm-cli.js',
1 verbose cli   'install',
1 verbose cli   'pathformer' ]
2 info using npm@1.4.21
3 info using node@v0.10.30
4 verbose node symlink C:\Program Files\nodejs\\node.exe
5 verbose cache add [ 'pathformer', null ]
6 verbose cache add name=undefined spec="pathformer" args=["pathformer",null]
7 verbose parsed url { protocol: null,
7 verbose parsed url   slashes: null,
7 verbose parsed url   auth: null,
7 verbose parsed url   host: null,
7 verbose parsed url   port: null,
7 verbose parsed url   hostname: null,
7 verbose parsed url   hash: null,
7 verbose parsed url   search: null,
7 verbose parsed url   query: null,
7 verbose parsed url   pathname: 'pathformer',
7 verbose parsed url   path: 'pathformer',
7 verbose parsed url   href: 'pathformer' }
8 silly lockFile 063871af-pathformer pathformer
9 verbose lock pathformer C:\Users\Rafael\AppData\Roaming\npm-cache\063871af-pathformer.lock
10 silly lockFile 063871af-pathformer pathformer
11 silly lockFile 063871af-pathformer pathformer
12 verbose addNamed [ 'pathformer', '' ]
13 verbose addNamed [ null, '*' ]
14 silly lockFile e9fa3de9-pathformer pathformer@
15 verbose lock pathformer@ C:\Users\Rafael\AppData\Roaming\npm-cache\e9fa3de9-pathformer.lock
16 silly addNameRange { name: 'pathformer', range: '*', hasData: false }
17 verbose request where is /pathformer
18 verbose request registry https://registry.npmjs.org/
19 verbose request id 67dc398d4fc859db
20 verbose url raw /pathformer
21 verbose url resolving [ 'https://registry.npmjs.org/', './pathformer' ]
22 verbose url resolved https://registry.npmjs.org/pathformer
23 verbose request where is https://registry.npmjs.org/pathformer
24 info trying registry request attempt 1 at 22:50:59
25 http GET https://registry.npmjs.org/pathformer
26 http 404 https://registry.npmjs.org/pathformer
27 verbose headers { date: 'Tue, 17 Mar 2015 01:51:02 GMT',
27 verbose headers   server: 'CouchDB/1.5.0 (Erlang OTP/R16B03)',
27 verbose headers   'content-type': 'application/json',
27 verbose headers   'cache-control': 'max-age=0',
27 verbose headers   'content-length': '51',
27 verbose headers   'accept-ranges': 'bytes',
27 verbose headers   via: '1.1 varnish',
27 verbose headers   age: '0',
27 verbose headers   'x-served-by': 'cache-atl6232-ATL',
27 verbose headers   'x-cache': 'MISS',
27 verbose headers   'x-cache-hits': '0',
27 verbose headers   'x-timer': 'S1426557062.433903,VS0,VE30',
27 verbose headers   'keep-alive': 'timeout=10, max=50',
27 verbose headers   connection: 'Keep-Alive' }
28 silly registry.get cb [ 404,
28 silly registry.get   { date: 'Tue, 17 Mar 2015 01:51:02 GMT',
28 silly registry.get     server: 'CouchDB/1.5.0 (Erlang OTP/R16B03)',
28 silly registry.get     'content-type': 'application/json',
28 silly registry.get     'cache-control': 'max-age=0',
28 silly registry.get     'content-length': '51',
28 silly registry.get     'accept-ranges': 'bytes',
28 silly registry.get     via: '1.1 varnish',
28 silly registry.get     age: '0',
28 silly registry.get     'x-served-by': 'cache-atl6232-ATL',
28 silly registry.get     'x-cache': 'MISS',
28 silly registry.get     'x-cache-hits': '0',
28 silly registry.get     'x-timer': 'S1426557062.433903,VS0,VE30',
28 silly registry.get     'keep-alive': 'timeout=10, max=50',
28 silly registry.get     connection: 'Keep-Alive' } ]
29 silly lockFile e9fa3de9-pathformer pathformer@
30 silly lockFile e9fa3de9-pathformer pathformer@
31 error 404 404 Not Found: pathformer
31 error 404
31 error 404 'pathformer' is not in the npm registry.
31 error 404 You should bug the author to publish it
31 error 404
31 error 404 Note that you can also install from a
31 error 404 tarball, folder, or http url, or git url.
32 error System Windows_NT 6.2.9200
33 error command "C:\\Program Files\\nodejs\\\\node.exe" "C:\\Program Files\\nodejs\\node_modules\\npm\\bin\\npm-cli.js" "install" "pathformer"
34 error cwd C:\officeClick
35 error node -v v0.10.30
36 error npm -v 1.4.21
37 error code E404
38 verbose exit [ 1, true ]
